Using pre-set license
Built from '2021.1/release' branch; Version is '2021.1.1f1 (6fdc41dfa55a) revision 7330881'; Using compiler version '192528614'; Build Type 'Release'
OS: 'Windows 10 Pro; OS build 19041.867; Version 2004; 64bit' Language: 'ko' Physical Memory: 16346 MB
BatchMode: 1, IsHumanControllingUs: 0, StartBugReporterOnCrash: 0, Is64bit: 1, IsPro: 0

 COMMAND LINE ARGUMENTS:
C:\2021.1.1f1\Editor\Unity.exe
-adb2
-batchMode
-noUpm
-name
AssetImportWorker0
-projectPath
C:/Users/huhsungeun/Documents/GitHub/MedicolorDream
-logFile
Logs/AssetImportWorker0.log
-srvPort
58310
Successfully changed project path to: C:/Users/huhsungeun/Documents/GitHub/MedicolorDream
C:/Users/huhsungeun/Documents/GitHub/MedicolorDream
Using Asset Import Pipeline V2.
Refreshing native plugins compatible for Editor in 65.76 ms, found 1 plugins.
Preloading 0 native plugins for Editor in 0.00 ms.
Initialize engine version: 2021.1.1f1 (6fdc41dfa55a)
[Subsystems] Discovering subsystems at path C:/2021.1.1f1/Editor/Data/Resources/UnitySubsystems
[Subsystems] Discovering subsystems at path C:/Users/huhsungeun/Documents/GitHub/MedicolorDream/Assets
GfxDevice: creating device client; threaded=0; jobified=0
Direct3D:
    Version:  Direct3D 11.0 [level 11.1]
    Renderer: NVIDIA GeForce GTX 1080 (ID=0x1b80)
    Vendor:   NVIDIA
    VRAM:     8079 MB
    Driver:   27.21.14.6172
Shader 'Universal Render Pipeline/Particles/Lit': fallback shader 'Universal Render Pipeline/Particles/SimpleLit' not found
Initialize mono
Mono path[0] = 'C:/2021.1.1f1/Editor/Data/Managed'
Mono path[1] = 'C:/2021.1.1f1/Editor/Data/MonoBleedingEdge/lib/mono/unityjit'
Mono config path = 'C:/2021.1.1f1/Editor/Data/MonoBleedingEdge/etc'
Using monoOptions --debugger-agent=transport=dt_socket,embedding=1,server=y,suspend=n,address=127.0.0.1:56028
Begin MonoManager ReloadAssembly
Registering precompiled unity dll's ...
Register platform support module: C:/2021.1.1f1/Editor/Data/PlaybackEngines/WindowsStandaloneSupport/UnityEditor.WindowsStandalone.Extensions.dll
Registered in 0.002200 seconds.
Native extension for WindowsStandalone target not found
Refreshing native plugins compatible for Editor in 71.71 ms, found 1 plugins.
Preloading 0 native plugins for Editor in 0.00 ms.
Mono: successfully reloaded assembly
- Completed reload, in  2.378 seconds
Platform modules already initialized, skipping
Registering precompiled user dll's ...
Registered in 0.001109 seconds.
Begin MonoManager ReloadAssembly
Native extension for WindowsStandalone target not found
Refreshing native plugins compatible for Editor in 68.74 ms, found 1 plugins.
Preloading 0 native plugins for Editor in 0.00 ms.
Mono: successfully reloaded assembly
- Completed reload, in  1.301 seconds
Platform modules already initialized, skipping
========================================================================
Worker process is ready to serve import requests
Shader 'Universal Render Pipeline/Particles/Lit': fallback shader 'Universal Render Pipeline/Particles/SimpleLit' not found
Launched and connected shader compiler UnityShaderCompiler.exe after 0.07 seconds
Refreshing native plugins compatible for Editor in 0.66 ms, found 1 plugins.
Preloading 0 native plugins for Editor in 0.00 ms.
Unloading 2985 Unused Serialized files (Serialized files now loaded: 0)
System memory in use before: 137.7 MB.
System memory in use after: 137.8 MB.

Unloading 19 unused Assets to reduce memory usage. Loaded Objects now: 3446.
Total: 2.710300 ms (FindLiveObjects: 0.244000 ms CreateObjectMapping: 0.164300 ms MarkObjects: 2.230500 ms  DeleteObjects: 0.070200 ms)

========================================================================
Received Import Request.
  path: Assets/주인공.psb
  artifactKey: Guid(d077dd8960e2f334da4a8edb8f34cc05) Importer(815301076,1909f56bfc062723c751e8b465ee728b)
Start importing Assets/주인공.psb using Guid(d077dd8960e2f334da4a8edb8f34cc05) Importer(815301076,1909f56bfc062723c751e8b465ee728b)  -> (artifact id: '2a9dad8457b78d13321d95c701072c7e') in 0.544330 seconds 
========================================================================
Received Import Request.
  Time since last request: 29.691834 seconds.
  path: Assets/주인공.psb
  artifactKey: Guid(d077dd8960e2f334da4a8edb8f34cc05) Importer(815301076,1909f56bfc062723c751e8b465ee728b)
Start importing Assets/주인공.psb using Guid(d077dd8960e2f334da4a8edb8f34cc05) Importer(815301076,1909f56bfc062723c751e8b465ee728b)  -> (artifact id: '862a588d9f149aa53fa1936891df0b88') in 0.150775 seconds 
========================================================================
Received Import Request.
  Time since last request: 2385.687864 seconds.
  path: Assets
  artifactKey: Guid(00000000000000001000000000000000) Importer(815301076,1909f56bfc062723c751e8b465ee728b)
Start importing Assets using Guid(00000000000000001000000000000000) Importer(815301076,1909f56bfc062723c751e8b465ee728b)  -> (artifact id: '98ffa0a5e8f73f3457f64fc720c11ab1') in 0.019728 seconds 
========================================================================
Received Import Request.
  Time since last request: 5.521460 seconds.
  path: Assets/New Material.mat
  artifactKey: Guid(6640f7ff3a603814e95df1785082aa01) Importer(815301076,1909f56bfc062723c751e8b465ee728b)
Start importing Assets/New Material.mat using Guid(6640f7ff3a603814e95df1785082aa01) Importer(815301076,1909f56bfc062723c751e8b465ee728b)  -> (artifact id: '93105bfc21189c31961a21699c33288e') in 0.084806 seconds 
========================================================================
Received Import Request.
  Time since last request: 650.499654 seconds.
  path: Assets/Animations/주인공.controller
  artifactKey: Guid(88b50cbe961a5154c9587003787afaa7) Importer(815301076,1909f56bfc062723c751e8b465ee728b)
Start importing Assets/Animations/주인공.controller using Guid(88b50cbe961a5154c9587003787afaa7) Importer(815301076,1909f56bfc062723c751e8b465ee728b)  -> (artifact id: 'a6b5b92fbae8e4d45ea3f8bb7ff58467') in 0.036697 seconds 
========================================================================
Received Prepare
Shader 'Universal Render Pipeline/Particles/Lit': fallback shader 'Universal Render Pipeline/Particles/SimpleLit' not found
Refreshing native plugins compatible for Editor in 2.04 ms, found 1 plugins.
Preloading 0 native plugins for Editor in 0.00 ms.
Unloading 5 Unused Serialized files (Serialized files now loaded: 0)
System memory in use before: 79.7 MB.
System memory in use after: 80.0 MB.

Unloading 5 unused Assets to reduce memory usage. Loaded Objects now: 3585.
Total: 9.631800 ms (FindLiveObjects: 0.270300 ms CreateObjectMapping: 0.174700 ms MarkObjects: 9.126000 ms  DeleteObjects: 0.059100 ms)

========================================================================
Received Import Request.
  Time since last request: 48.906649 seconds.
  path: Assets/Animations/주인공.controller
  artifactKey: Guid(88b50cbe961a5154c9587003787afaa7) Importer(815301076,1909f56bfc062723c751e8b465ee728b)
Start importing Assets/Animations/주인공.controller using Guid(88b50cbe961a5154c9587003787afaa7) Importer(815301076,1909f56bfc062723c751e8b465ee728b)  -> (artifact id: '95a66ff62628f0b4024c34a679797a7d') in 0.037762 seconds 
========================================================================
Received Import Request.
  Time since last request: 22.005022 seconds.
  path: Assets/Animate
  artifactKey: Guid(47ba610bddc0bcf49972b8c3abef8649) Importer(815301076,1909f56bfc062723c751e8b465ee728b)
Start importing Assets/Animate using Guid(47ba610bddc0bcf49972b8c3abef8649) Importer(815301076,1909f56bfc062723c751e8b465ee728b)  -> (artifact id: '8ecd2136a1c2ac248972a02025e99b10') in 0.011796 seconds 
========================================================================
Received Prepare
Registering precompiled user dll's ...
Registered in 0.011060 seconds.
Begin MonoManager ReloadAssembly
Native extension for WindowsStandalone target not found
Refreshing native plugins compatible for Editor in 0.64 ms, found 1 plugins.
Preloading 0 native plugins for Editor in 0.00 ms.
Mono: successfully reloaded assembly
- Completed reload, in  1.305 seconds
Platform modules already initialized, skipping
Shader 'Universal Render Pipeline/Particles/Lit': fallback shader 'Universal Render Pipeline/Particles/SimpleLit' not found
Refreshing native plugins compatible for Editor in 0.57 ms, found 1 plugins.
Preloading 0 native plugins for Editor in 0.00 ms.
Unloading 2873 Unused Serialized files (Serialized files now loaded: 0)
System memory in use before: 138.5 MB.
System memory in use after: 138.8 MB.

Unloading 8 unused Assets to reduce memory usage. Loaded Objects now: 3589.
Total: 3.411800 ms (FindLiveObjects: 0.290600 ms CreateObjectMapping: 0.191900 ms MarkObjects: 2.901400 ms  DeleteObjects: 0.026900 ms)

========================================================================
Received Prepare
Shader 'Universal Render Pipeline/Particles/Lit': fallback shader 'Universal Render Pipeline/Particles/SimpleLit' not found
Refreshing native plugins compatible for Editor in 4.95 ms, found 1 plugins.
Preloading 0 native plugins for Editor in 0.00 ms.
Unloading 5 Unused Serialized files (Serialized files now loaded: 0)
System memory in use before: 81.6 MB.
System memory in use after: 81.9 MB.

Unloading 5 unused Assets to reduce memory usage. Loaded Objects now: 3589.
Total: 2.490900 ms (FindLiveObjects: 0.251500 ms CreateObjectMapping: 0.149100 ms MarkObjects: 2.067400 ms  DeleteObjects: 0.021800 ms)

========================================================================
Received Import Request.
  Time since last request: 78.927674 seconds.
  path: Assets/Animations/주인공.controller
  artifactKey: Guid(88b50cbe961a5154c9587003787afaa7) Importer(815301076,1909f56bfc062723c751e8b465ee728b)
Start importing Assets/Animations/주인공.controller using Guid(88b50cbe961a5154c9587003787afaa7) Importer(815301076,1909f56bfc062723c751e8b465ee728b)  -> (artifact id: '5ac9d8a112f9d5c64dfb521f480b796b') in 0.066376 seconds 
========================================================================
Received Import Request.
  Time since last request: 34.524701 seconds.
  path: Assets/Animations/Idle_1.anim
  artifactKey: Guid(cd063e49f6cc7a544afc65dfe0841141) Importer(815301076,1909f56bfc062723c751e8b465ee728b)
Start importing Assets/Animations/Idle_1.anim using Guid(cd063e49f6cc7a544afc65dfe0841141) Importer(815301076,1909f56bfc062723c751e8b465ee728b)  -> (artifact id: '61e2e8998a619c078bfa3c1e5e949101') in 0.020344 seconds 
========================================================================
Received Import Request.
  Time since last request: 12.915183 seconds.
  path: Assets/Animations/Idle.anim
  artifactKey: Guid(7d82f22acf9032346a19312622249c46) Importer(815301076,1909f56bfc062723c751e8b465ee728b)
Start importing Assets/Animations/Idle.anim using Guid(7d82f22acf9032346a19312622249c46) Importer(815301076,1909f56bfc062723c751e8b465ee728b)  -> (artifact id: 'bca2a54cb33d5c8ef5fd9ce4f9fbf443') in 0.027074 seconds 
========================================================================
Received Prepare
Registering precompiled user dll's ...
Registered in 0.002286 seconds.
Begin MonoManager ReloadAssembly
Native extension for WindowsStandalone target not found
Refreshing native plugins compatible for Editor in 0.61 ms, found 1 plugins.
Preloading 0 native plugins for Editor in 0.00 ms.
Mono: successfully reloaded assembly
- Completed reload, in  1.950 seconds
Platform modules already initialized, skipping
Shader 'Universal Render Pipeline/Particles/Lit': fallback shader 'Universal Render Pipeline/Particles/SimpleLit' not found
Refreshing native plugins compatible for Editor in 0.50 ms, found 1 plugins.
Preloading 0 native plugins for Editor in 0.00 ms.
Unloading 2872 Unused Serialized files (Serialized files now loaded: 0)
System memory in use before: 138.4 MB.
System memory in use after: 138.7 MB.

Unloading 8 unused Assets to reduce memory usage. Loaded Objects now: 3592.
Total: 4.857300 ms (FindLiveObjects: 0.374000 ms CreateObjectMapping: 0.619200 ms MarkObjects: 3.844000 ms  DeleteObjects: 0.018300 ms)

========================================================================
Received Prepare
Shader 'Universal Render Pipeline/Particles/Lit': fallback shader 'Universal Render Pipeline/Particles/SimpleLit' not found
Refreshing native plugins compatible for Editor in 3.01 ms, found 1 plugins.
Preloading 0 native plugins for Editor in 0.00 ms.
Unloading 5 Unused Serialized files (Serialized files now loaded: 0)
System memory in use before: 81.6 MB.
System memory in use after: 81.8 MB.

Unloading 5 unused Assets to reduce memory usage. Loaded Objects now: 3592.
Total: 2.989900 ms (FindLiveObjects: 0.250200 ms CreateObjectMapping: 0.205900 ms MarkObjects: 2.514800 ms  DeleteObjects: 0.017800 ms)

========================================================================
Received Import Request.
  Time since last request: 244.058693 seconds.
  path: Assets/Animations/Idle.anim
  artifactKey: Guid(7d82f22acf9032346a19312622249c46) Importer(815301076,1909f56bfc062723c751e8b465ee728b)
Start importing Assets/Animations/Idle.anim using Guid(7d82f22acf9032346a19312622249c46) Importer(815301076,1909f56bfc062723c751e8b465ee728b)  -> (artifact id: '17570d0da85be018a6ffcdfe204e7f48') in 0.036242 seconds 
========================================================================
Received Import Request.
  Time since last request: 77.880598 seconds.
  path: Assets/Animations/주인공.controller
  artifactKey: Guid(88b50cbe961a5154c9587003787afaa7) Importer(815301076,1909f56bfc062723c751e8b465ee728b)
Start importing Assets/Animations/주인공.controller using Guid(88b50cbe961a5154c9587003787afaa7) Importer(815301076,1909f56bfc062723c751e8b465ee728b)  -> (artifact id: '837933466df88ad8fe42582efd1987b8') in 0.045620 seconds 
========================================================================
Received Prepare
Registering precompiled user dll's ...
Registered in 0.006734 seconds.
Begin MonoManager ReloadAssembly
Native extension for WindowsStandalone target not found
Refreshing native plugins compatible for Editor in 2.93 ms, found 1 plugins.
Preloading 0 native plugins for Editor in 0.00 ms.
Mono: successfully reloaded assembly
- Completed reload, in  2.662 seconds
Platform modules already initialized, skipping
Shader 'Universal Render Pipeline/Particles/Lit': fallback shader 'Universal Render Pipeline/Particles/SimpleLit' not found
Refreshing native plugins compatible for Editor in 0.68 ms, found 1 plugins.
Preloading 0 native plugins for Editor in 0.00 ms.
Unloading 2872 Unused Serialized files (Serialized files now loaded: 0)
System memory in use before: 138.5 MB.
System memory in use after: 138.7 MB.

Unloading 8 unused Assets to reduce memory usage. Loaded Objects now: 3595.
Total: 20.250100 ms (FindLiveObjects: 0.269000 ms CreateObjectMapping: 0.164600 ms MarkObjects: 19.793600 ms  DeleteObjects: 0.021100 ms)

========================================================================
Received Import Request.
  Time since last request: 786.609966 seconds.
  path: Assets/Animations/Walk.anim
  artifactKey: Guid(c14ad986aef98f940886cf1f0fe07e60) Importer(815301076,1909f56bfc062723c751e8b465ee728b)
Start importing Assets/Animations/Walk.anim using Guid(c14ad986aef98f940886cf1f0fe07e60) Importer(815301076,1909f56bfc062723c751e8b465ee728b)  -> (artifact id: 'b0d620f717c0e2158c820b90f4059c17') in 0.047957 seconds 
========================================================================
Received Prepare
Shader 'Universal Render Pipeline/Particles/Lit': fallback shader 'Universal Render Pipeline/Particles/SimpleLit' not found
Refreshing native plugins compatible for Editor in 1.89 ms, found 1 plugins.
Preloading 0 native plugins for Editor in 0.00 ms.
Unloading 5 Unused Serialized files (Serialized files now loaded: 0)
System memory in use before: 81.6 MB.
System memory in use after: 81.9 MB.

Unloading 5 unused Assets to reduce memory usage. Loaded Objects now: 3595.
Total: 4.279500 ms (FindLiveObjects: 0.282500 ms CreateObjectMapping: 0.243400 ms MarkObjects: 3.704900 ms  DeleteObjects: 0.047600 ms)

========================================================================
Received Prepare
Registering precompiled user dll's ...
Registered in 0.001498 seconds.
Begin MonoManager ReloadAssembly
Native extension for WindowsStandalone target not found
Refreshing native plugins compatible for Editor in 0.51 ms, found 1 plugins.
Preloading 0 native plugins for Editor in 0.00 ms.
Mono: successfully reloaded assembly
- Completed reload, in  1.199 seconds
Platform modules already initialized, skipping
Shader 'Universal Render Pipeline/Particles/Lit': fallback shader 'Universal Render Pipeline/Particles/SimpleLit' not found
Refreshing native plugins compatible for Editor in 0.53 ms, found 1 plugins.
Preloading 0 native plugins for Editor in 0.00 ms.
Unloading 2872 Unused Serialized files (Serialized files now loaded: 0)
System memory in use before: 138.5 MB.
System memory in use after: 138.7 MB.

Unloading 8 unused Assets to reduce memory usage. Loaded Objects now: 3598.
Total: 2.760100 ms (FindLiveObjects: 0.253400 ms CreateObjectMapping: 0.158900 ms MarkObjects: 2.326100 ms  DeleteObjects: 0.020600 ms)

========================================================================
Received Prepare
Shader 'Universal Render Pipeline/Particles/Lit': fallback shader 'Universal Render Pipeline/Particles/SimpleLit' not found
Refreshing native plugins compatible for Editor in 1.79 ms, found 1 plugins.
Preloading 0 native plugins for Editor in 0.00 ms.
Unloading 5 Unused Serialized files (Serialized files now loaded: 0)
System memory in use before: 81.6 MB.
System memory in use after: 81.9 MB.

Unloading 5 unused Assets to reduce memory usage. Loaded Objects now: 3598.
Total: 2.670300 ms (FindLiveObjects: 0.269600 ms CreateObjectMapping: 0.191900 ms MarkObjects: 2.190600 ms  DeleteObjects: 0.016900 ms)

========================================================================
Received Import Request.
  Time since last request: 305.511882 seconds.
  path: Assets/Animations/Idle_1.anim
  artifactKey: Guid(cd063e49f6cc7a544afc65dfe0841141) Importer(815301076,1909f56bfc062723c751e8b465ee728b)
Start importing Assets/Animations/Idle_1.anim using Guid(cd063e49f6cc7a544afc65dfe0841141) Importer(815301076,1909f56bfc062723c751e8b465ee728b)  -> (artifact id: 'bf03232733df4bec23cafe38aaed3108') in 0.032405 seconds 
========================================================================
Received Prepare
Registering precompiled user dll's ...
Registered in 0.001504 seconds.
Begin MonoManager ReloadAssembly
Native extension for WindowsStandalone target not found
Refreshing native plugins compatible for Editor in 0.54 ms, found 1 plugins.
Preloading 0 native plugins for Editor in 0.00 ms.
Mono: successfully reloaded assembly
- Completed reload, in  1.213 seconds
Platform modules already initialized, skipping
Shader 'Universal Render Pipeline/Particles/Lit': fallback shader 'Universal Render Pipeline/Particles/SimpleLit' not found
Refreshing native plugins compatible for Editor in 0.57 ms, found 1 plugins.
Preloading 0 native plugins for Editor in 0.00 ms.
Unloading 2872 Unused Serialized files (Serialized files now loaded: 0)
System memory in use before: 138.5 MB.
System memory in use after: 138.7 MB.

Unloading 8 unused Assets to reduce memory usage. Loaded Objects now: 3601.
Total: 2.722100 ms (FindLiveObjects: 0.258600 ms CreateObjectMapping: 0.158800 ms MarkObjects: 2.270600 ms  DeleteObjects: 0.033300 ms)

========================================================================
Received Prepare
Shader 'Universal Render Pipeline/Particles/Lit': fallback shader 'Universal Render Pipeline/Particles/SimpleLit' not found
Refreshing native plugins compatible for Editor in 3.41 ms, found 1 plugins.
Preloading 0 native plugins for Editor in 0.00 ms.
Unloading 5 Unused Serialized files (Serialized files now loaded: 0)
System memory in use before: 81.6 MB.
System memory in use after: 81.9 MB.

Unloading 5 unused Assets to reduce memory usage. Loaded Objects now: 3601.
Total: 2.584300 ms (FindLiveObjects: 0.238500 ms CreateObjectMapping: 0.190800 ms MarkObjects: 2.137600 ms  DeleteObjects: 0.016200 ms)

========================================================================
Received Prepare
Registering precompiled user dll's ...
Registered in 0.001399 seconds.
Begin MonoManager ReloadAssembly
Native extension for WindowsStandalone target not found
Refreshing native plugins compatible for Editor in 0.81 ms, found 1 plugins.
Preloading 0 native plugins for Editor in 0.00 ms.
Mono: successfully reloaded assembly
- Completed reload, in  1.168 seconds
Platform modules already initialized, skipping
Shader 'Universal Render Pipeline/Particles/Lit': fallback shader 'Universal Render Pipeline/Particles/SimpleLit' not found
Refreshing native plugins compatible for Editor in 0.53 ms, found 1 plugins.
Preloading 0 native plugins for Editor in 0.00 ms.
Unloading 2872 Unused Serialized files (Serialized files now loaded: 0)
System memory in use before: 138.5 MB.
System memory in use after: 138.7 MB.

Unloading 8 unused Assets to reduce memory usage. Loaded Objects now: 3604.
Total: 2.801300 ms (FindLiveObjects: 0.313500 ms CreateObjectMapping: 0.163500 ms MarkObjects: 2.290500 ms  DeleteObjects: 0.032300 ms)

========================================================================
Received Prepare
Shader 'Universal Render Pipeline/Particles/Lit': fallback shader 'Universal Render Pipeline/Particles/SimpleLit' not found
Refreshing native plugins compatible for Editor in 1.81 ms, found 1 plugins.
Preloading 0 native plugins for Editor in 0.00 ms.
Unloading 5 Unused Serialized files (Serialized files now loaded: 0)
System memory in use before: 81.7 MB.
System memory in use after: 81.9 MB.

Unloading 5 unused Assets to reduce memory usage. Loaded Objects now: 3604.
Total: 25.053100 ms (FindLiveObjects: 7.209200 ms CreateObjectMapping: 0.183300 ms MarkObjects: 17.641100 ms  DeleteObjects: 0.018100 ms)

========================================================================
Received Prepare
Registering precompiled user dll's ...
Registered in 0.001179 seconds.
Begin MonoManager ReloadAssembly
Native extension for WindowsStandalone target not found
Refreshing native plugins compatible for Editor in 0.48 ms, found 1 plugins.
Preloading 0 native plugins for Editor in 0.00 ms.
Mono: successfully reloaded assembly
- Completed reload, in  1.201 seconds
Platform modules already initialized, skipping
Shader 'Universal Render Pipeline/Particles/Lit': fallback shader 'Universal Render Pipeline/Particles/SimpleLit' not found
Refreshing native plugins compatible for Editor in 0.49 ms, found 1 plugins.
Preloading 0 native plugins for Editor in 0.00 ms.
Unloading 2872 Unused Serialized files (Serialized files now loaded: 0)
System memory in use before: 138.5 MB.
System memory in use after: 138.7 MB.

Unloading 8 unused Assets to reduce memory usage. Loaded Objects now: 3607.
Total: 2.637800 ms (FindLiveObjects: 0.269700 ms CreateObjectMapping: 0.146300 ms MarkObjects: 2.189300 ms  DeleteObjects: 0.031400 ms)

========================================================================
Received Prepare
Shader 'Universal Render Pipeline/Particles/Lit': fallback shader 'Universal Render Pipeline/Particles/SimpleLit' not found
Refreshing native plugins compatible for Editor in 2.25 ms, found 1 plugins.
Preloading 0 native plugins for Editor in 0.00 ms.
Unloading 5 Unused Serialized files (Serialized files now loaded: 0)
System memory in use before: 81.7 MB.
System memory in use after: 81.9 MB.

Unloading 5 unused Assets to reduce memory usage. Loaded Objects now: 3607.
Total: 2.909300 ms (FindLiveObjects: 0.233500 ms CreateObjectMapping: 0.146700 ms MarkObjects: 2.498400 ms  DeleteObjects: 0.029500 ms)

========================================================================
Received Prepare
Registering precompiled user dll's ...
Registered in 0.001177 seconds.
Begin MonoManager ReloadAssembly
Native extension for WindowsStandalone target not found
Refreshing native plugins compatible for Editor in 0.49 ms, found 1 plugins.
Preloading 0 native plugins for Editor in 0.00 ms.
Mono: successfully reloaded assembly
- Completed reload, in  1.194 seconds
Platform modules already initialized, skipping
Shader 'Universal Render Pipeline/Particles/Lit': fallback shader 'Universal Render Pipeline/Particles/SimpleLit' not found
Refreshing native plugins compatible for Editor in 0.51 ms, found 1 plugins.
Preloading 0 native plugins for Editor in 0.00 ms.
Unloading 2872 Unused Serialized files (Serialized files now loaded: 0)
System memory in use before: 138.5 MB.
System memory in use after: 138.7 MB.

Unloading 8 unused Assets to reduce memory usage. Loaded Objects now: 3610.
Total: 2.995700 ms (FindLiveObjects: 0.391700 ms CreateObjectMapping: 0.189500 ms MarkObjects: 2.393800 ms  DeleteObjects: 0.019100 ms)

========================================================================
Received Prepare
Shader 'Universal Render Pipeline/Particles/Lit': fallback shader 'Universal Render Pipeline/Particles/SimpleLit' not found
Refreshing native plugins compatible for Editor in 2.66 ms, found 1 plugins.
Preloading 0 native plugins for Editor in 0.00 ms.
Unloading 5 Unused Serialized files (Serialized files now loaded: 0)
System memory in use before: 81.7 MB.
System memory in use after: 81.9 MB.

Unloading 5 unused Assets to reduce memory usage. Loaded Objects now: 3610.
Total: 2.809100 ms (FindLiveObjects: 0.356100 ms CreateObjectMapping: 0.151800 ms MarkObjects: 2.259200 ms  DeleteObjects: 0.041000 ms)

========================================================================
Received Prepare
Registering precompiled user dll's ...
Registered in 0.001334 seconds.
Begin MonoManager ReloadAssembly
Native extension for WindowsStandalone target not found
Refreshing native plugins compatible for Editor in 0.51 ms, found 1 plugins.
Preloading 0 native plugins for Editor in 0.00 ms.
Mono: successfully reloaded assembly
- Completed reload, in  1.196 seconds
Platform modules already initialized, skipping
Shader 'Universal Render Pipeline/Particles/Lit': fallback shader 'Universal Render Pipeline/Particles/SimpleLit' not found
Refreshing native plugins compatible for Editor in 0.60 ms, found 1 plugins.
Preloading 0 native plugins for Editor in 0.00 ms.
Unloading 2872 Unused Serialized files (Serialized files now loaded: 0)
System memory in use before: 138.5 MB.
System memory in use after: 138.8 MB.

Unloading 8 unused Assets to reduce memory usage. Loaded Objects now: 3613.
Total: 2.980200 ms (FindLiveObjects: 0.290300 ms CreateObjectMapping: 0.134400 ms MarkObjects: 2.509100 ms  DeleteObjects: 0.045100 ms)

========================================================================
Received Prepare
Shader 'Universal Render Pipeline/Particles/Lit': fallback shader 'Universal Render Pipeline/Particles/SimpleLit' not found
Refreshing native plugins compatible for Editor in 1.78 ms, found 1 plugins.
Preloading 0 native plugins for Editor in 0.00 ms.
Unloading 5 Unused Serialized files (Serialized files now loaded: 0)
System memory in use before: 81.7 MB.
System memory in use after: 81.9 MB.

Unloading 5 unused Assets to reduce memory usage. Loaded Objects now: 3613.
Total: 3.147100 ms (FindLiveObjects: 0.265500 ms CreateObjectMapping: 0.206300 ms MarkObjects: 2.643300 ms  DeleteObjects: 0.031100 ms)

========================================================================
Received Import Request.
  Time since last request: 514.530722 seconds.
  path: Assets/Animations/Idle_1.anim
  artifactKey: Guid(cd063e49f6cc7a544afc65dfe0841141) Importer(815301076,1909f56bfc062723c751e8b465ee728b)
Start importing Assets/Animations/Idle_1.anim using Guid(cd063e49f6cc7a544afc65dfe0841141) Importer(815301076,1909f56bfc062723c751e8b465ee728b)  -> (artifact id: '6ca7507860dedf7fd50bb2d34b7160ef') in 0.038796 seconds 
========================================================================
Received Prepare
Registering precompiled user dll's ...
Registered in 0.001409 seconds.
Begin MonoManager ReloadAssembly
Native extension for WindowsStandalone target not found
Refreshing native plugins compatible for Editor in 0.64 ms, found 1 plugins.
Preloading 0 native plugins for Editor in 0.00 ms.
Mono: successfully reloaded assembly
- Completed reload, in  1.189 seconds
Platform modules already initialized, skipping
Shader 'Universal Render Pipeline/Particles/Lit': fallback shader 'Universal Render Pipeline/Particles/SimpleLit' not found
Refreshing native plugins compatible for Editor in 0.49 ms, found 1 plugins.
Preloading 0 native plugins for Editor in 0.00 ms.
Unloading 2872 Unused Serialized files (Serialized files now loaded: 0)
System memory in use before: 138.5 MB.
System memory in use after: 138.8 MB.

Unloading 8 unused Assets to reduce memory usage. Loaded Objects now: 3616.
Total: 4.200800 ms (FindLiveObjects: 0.309800 ms CreateObjectMapping: 0.223200 ms MarkObjects: 3.643400 ms  DeleteObjects: 0.023100 ms)

========================================================================
Received Prepare
Shader 'Universal Render Pipeline/Particles/Lit': fallback shader 'Universal Render Pipeline/Particles/SimpleLit' not found
Refreshing native plugins compatible for Editor in 1.96 ms, found 1 plugins.
Preloading 0 native plugins for Editor in 0.00 ms.
Unloading 5 Unused Serialized files (Serialized files now loaded: 0)
System memory in use before: 81.7 MB.
System memory in use after: 81.9 MB.

Unloading 5 unused Assets to reduce memory usage. Loaded Objects now: 3616.
Total: 7.063800 ms (FindLiveObjects: 0.284600 ms CreateObjectMapping: 0.172600 ms MarkObjects: 6.587300 ms  DeleteObjects: 0.017700 ms)

========================================================================
Received Import Request.
  Time since last request: 42.686557 seconds.
  path: Assets/Animations/Idle_1.anim
  artifactKey: Guid(cd063e49f6cc7a544afc65dfe0841141) Importer(815301076,1909f56bfc062723c751e8b465ee728b)
Start importing Assets/Animations/Idle_1.anim using Guid(cd063e49f6cc7a544afc65dfe0841141) Importer(815301076,1909f56bfc062723c751e8b465ee728b)  -> (artifact id: 'ce92753c6a1db0d10c742540f20c196a') in 0.020681 seconds 
========================================================================
Received Prepare
Registering precompiled user dll's ...
Registered in 0.001216 seconds.
Begin MonoManager ReloadAssembly
Native extension for WindowsStandalone target not found
Refreshing native plugins compatible for Editor in 0.49 ms, found 1 plugins.
Preloading 0 native plugins for Editor in 0.00 ms.
Mono: successfully reloaded assembly
- Completed reload, in  1.224 seconds
Platform modules already initialized, skipping
Shader 'Universal Render Pipeline/Particles/Lit': fallback shader 'Universal Render Pipeline/Particles/SimpleLit' not found
Refreshing native plugins compatible for Editor in 0.60 ms, found 1 plugins.
Preloading 0 native plugins for Editor in 0.00 ms.
Unloading 2872 Unused Serialized files (Serialized files now loaded: 0)
System memory in use before: 138.5 MB.
System memory in use after: 138.8 MB.

Unloading 8 unused Assets to reduce memory usage. Loaded Objects now: 3619.
Total: 3.204400 ms (FindLiveObjects: 0.265400 ms CreateObjectMapping: 0.153000 ms MarkObjects: 2.751100 ms  DeleteObjects: 0.033400 ms)

========================================================================
Received Prepare
Shader 'Universal Render Pipeline/Particles/Lit': fallback shader 'Universal Render Pipeline/Particles/SimpleLit' not found
Refreshing native plugins compatible for Editor in 1.94 ms, found 1 plugins.
Preloading 0 native plugins for Editor in 0.00 ms.
Unloading 5 Unused Serialized files (Serialized files now loaded: 0)
System memory in use before: 81.7 MB.
System memory in use after: 81.9 MB.

Unloading 5 unused Assets to reduce memory usage. Loaded Objects now: 3619.
Total: 3.211400 ms (FindLiveObjects: 0.294200 ms CreateObjectMapping: 0.243100 ms MarkObjects: 2.629900 ms  DeleteObjects: 0.043000 ms)

========================================================================
Received Prepare
Registering precompiled user dll's ...
Registered in 0.001201 seconds.
Begin MonoManager ReloadAssembly
Native extension for WindowsStandalone target not found
Refreshing native plugins compatible for Editor in 0.51 ms, found 1 plugins.
Preloading 0 native plugins for Editor in 0.00 ms.
Mono: successfully reloaded assembly
- Completed reload, in  1.186 seconds
Platform modules already initialized, skipping
Shader 'Universal Render Pipeline/Particles/Lit': fallback shader 'Universal Render Pipeline/Particles/SimpleLit' not found
Refreshing native plugins compatible for Editor in 0.51 ms, found 1 plugins.
Preloading 0 native plugins for Editor in 0.00 ms.
Unloading 2872 Unused Serialized files (Serialized files now loaded: 0)
System memory in use before: 138.5 MB.
System memory in use after: 138.8 MB.

Unloading 8 unused Assets to reduce memory usage. Loaded Objects now: 3622.
Total: 3.413600 ms (FindLiveObjects: 0.333900 ms CreateObjectMapping: 0.217100 ms MarkObjects: 2.826200 ms  DeleteObjects: 0.034300 ms)

========================================================================
Received Prepare
Shader 'Universal Render Pipeline/Particles/Lit': fallback shader 'Universal Render Pipeline/Particles/SimpleLit' not found
Refreshing native plugins compatible for Editor in 2.24 ms, found 1 plugins.
Preloading 0 native plugins for Editor in 0.00 ms.
Unloading 5 Unused Serialized files (Serialized files now loaded: 0)
System memory in use before: 81.7 MB.
System memory in use after: 82.0 MB.

Unloading 5 unused Assets to reduce memory usage. Loaded Objects now: 3622.
Total: 2.765900 ms (FindLiveObjects: 0.411800 ms CreateObjectMapping: 0.190600 ms MarkObjects: 2.145900 ms  DeleteObjects: 0.016400 ms)

========================================================================
Received Prepare
Registering precompiled user dll's ...
Registered in 0.001474 seconds.
Begin MonoManager ReloadAssembly
Native extension for WindowsStandalone target not found
Refreshing native plugins compatible for Editor in 0.49 ms, found 1 plugins.
Preloading 0 native plugins for Editor in 0.00 ms.
Mono: successfully reloaded assembly
- Completed reload, in  1.228 seconds
Platform modules already initialized, skipping
Shader 'Universal Render Pipeline/Particles/Lit': fallback shader 'Universal Render Pipeline/Particles/SimpleLit' not found
Refreshing native plugins compatible for Editor in 0.62 ms, found 1 plugins.
Preloading 0 native plugins for Editor in 0.00 ms.
Unloading 2872 Unused Serialized files (Serialized files now loaded: 0)
System memory in use before: 138.6 MB.
System memory in use after: 138.8 MB.

Unloading 8 unused Assets to reduce memory usage. Loaded Objects now: 3625.
Total: 3.924300 ms (FindLiveObjects: 0.428800 ms CreateObjectMapping: 0.558300 ms MarkObjects: 2.901600 ms  DeleteObjects: 0.034500 ms)

========================================================================
Received Prepare
Shader 'Universal Render Pipeline/Particles/Lit': fallback shader 'Universal Render Pipeline/Particles/SimpleLit' not found
Refreshing native plugins compatible for Editor in 1.95 ms, found 1 plugins.
Preloading 0 native plugins for Editor in 0.00 ms.
Unloading 5 Unused Serialized files (Serialized files now loaded: 0)
System memory in use before: 81.7 MB.
System memory in use after: 82.0 MB.

Unloading 5 unused Assets to reduce memory usage. Loaded Objects now: 3625.
Total: 3.326100 ms (FindLiveObjects: 0.431400 ms CreateObjectMapping: 0.237600 ms MarkObjects: 2.621600 ms  DeleteObjects: 0.034200 ms)

========================================================================
Received Prepare
Registering precompiled user dll's ...
Registered in 0.060995 seconds.
Begin MonoManager ReloadAssembly
Native extension for WindowsStandalone target not found
Refreshing native plugins compatible for Editor in 0.58 ms, found 1 plugins.
Preloading 0 native plugins for Editor in 0.00 ms.
Mono: successfully reloaded assembly
- Completed reload, in  2.737 seconds
Platform modules already initialized, skipping
Shader 'Universal Render Pipeline/Particles/Lit': fallback shader 'Universal Render Pipeline/Particles/SimpleLit' not found
Refreshing native plugins compatible for Editor in 0.79 ms, found 1 plugins.
Preloading 0 native plugins for Editor in 0.00 ms.
Unloading 2872 Unused Serialized files (Serialized files now loaded: 0)
System memory in use before: 138.6 MB.
System memory in use after: 138.8 MB.

Unloading 8 unused Assets to reduce memory usage. Loaded Objects now: 3628.
Total: 5.453900 ms (FindLiveObjects: 0.275600 ms CreateObjectMapping: 0.171900 ms MarkObjects: 4.984200 ms  DeleteObjects: 0.020900 ms)

AssetImportWorkerClient::OnTransportError - code=2 error=End of file
