Using pre-set license
Built from '2021.1/release' branch; Version is '2021.1.1f1 (6fdc41dfa55a) revision 7330881'; Using compiler version '192528614'; Build Type 'Release'
OS: 'Windows 10 Pro; OS build 18363.1440; Version 1909; 64bit' Language: 'ko' Physical Memory: 8083 MB
BatchMode: 1, IsHumanControllingUs: 0, StartBugReporterOnCrash: 0, Is64bit: 1, IsPro: 0

 COMMAND LINE ARGUMENTS:
C:\Program Files\Unity\Hub\Editor\2021.1.1f1\Editor\Unity.exe
-adb2
-batchMode
-noUpm
-name
AssetImportWorker0
-projectPath
C:/Users/user/Documents/GitHub/Anotherbones/MedicolorDream
-logFile
Logs/AssetImportWorker0.log
-srvPort
63609
Successfully changed project path to: C:/Users/user/Documents/GitHub/Anotherbones/MedicolorDream
C:/Users/user/Documents/GitHub/Anotherbones/MedicolorDream
Using Asset Import Pipeline V2.
Refreshing native plugins compatible for Editor in 62.09 ms, found 1 plugins.
Preloading 0 native plugins for Editor in 0.00 ms.
Initialize engine version: 2021.1.1f1 (6fdc41dfa55a)
[Subsystems] Discovering subsystems at path C:/Program Files/Unity/Hub/Editor/2021.1.1f1/Editor/Data/Resources/UnitySubsystems
[Subsystems] Discovering subsystems at path C:/Users/user/Documents/GitHub/Anotherbones/MedicolorDream/Assets
GfxDevice: creating device client; threaded=0; jobified=0
Direct3D:
    Version:  Direct3D 11.0 [level 11.1]
    Renderer: Intel(R) UHD Graphics 630 (ID=0x3e9b)
    Vendor:   Intel
    VRAM:     4041 MB
    Driver:   26.20.100.7324
Shader 'Universal Render Pipeline/Particles/Lit': fallback shader 'Universal Render Pipeline/Particles/SimpleLit' not found
Initialize mono
Mono path[0] = 'C:/Program Files/Unity/Hub/Editor/2021.1.1f1/Editor/Data/Managed'
Mono path[1] = 'C:/Program Files/Unity/Hub/Editor/2021.1.1f1/Editor/Data/MonoBleedingEdge/lib/mono/unityjit'
Mono config path = 'C:/Program Files/Unity/Hub/Editor/2021.1.1f1/Editor/Data/MonoBleedingEdge/etc'
Using monoOptions --debugger-agent=transport=dt_socket,embedding=1,server=y,suspend=n,address=127.0.0.1:56932
Begin MonoManager ReloadAssembly
Registering precompiled unity dll's ...
Register platform support module: C:/Program Files/Unity/Hub/Editor/2021.1.1f1/Editor/Data/PlaybackEngines/WindowsStandaloneSupport/UnityEditor.WindowsStandalone.Extensions.dll
Registered in 0.003860 seconds.
Native extension for WindowsStandalone target not found
Refreshing native plugins compatible for Editor in 60.65 ms, found 1 plugins.
Preloading 0 native plugins for Editor in 0.00 ms.
Mono: successfully reloaded assembly
- Completed reload, in  2.640 seconds
Platform modules already initialized, skipping
Registering precompiled user dll's ...
Registered in 0.001561 seconds.
Begin MonoManager ReloadAssembly
Native extension for WindowsStandalone target not found
Refreshing native plugins compatible for Editor in 58.16 ms, found 1 plugins.
Preloading 0 native plugins for Editor in 0.00 ms.
Mono: successfully reloaded assembly
- Completed reload, in  1.295 seconds
Platform modules already initialized, skipping
========================================================================
Worker process is ready to serve import requests
Shader 'Universal Render Pipeline/Particles/Lit': fallback shader 'Universal Render Pipeline/Particles/SimpleLit' not found
Launched and connected shader compiler UnityShaderCompiler.exe after 0.07 seconds
Refreshing native plugins compatible for Editor in 0.81 ms, found 1 plugins.
Preloading 0 native plugins for Editor in 0.00 ms.
Unloading 2985 Unused Serialized files (Serialized files now loaded: 0)
System memory in use before: 133.5 MB.
System memory in use after: 133.7 MB.

Unloading 19 unused Assets to reduce memory usage. Loaded Objects now: 3447.
Total: 2.957800 ms (FindLiveObjects: 0.308200 ms CreateObjectMapping: 0.135900 ms MarkObjects: 2.367300 ms  DeleteObjects: 0.145300 ms)

========================================================================
Received Import Request.
  path: Assets/Animations/주인공.controller
  artifactKey: Guid(88b50cbe961a5154c9587003787afaa7) Importer(815301076,1909f56bfc062723c751e8b465ee728b)
Start importing Assets/Animations/주인공.controller using Guid(88b50cbe961a5154c9587003787afaa7) Importer(815301076,1909f56bfc062723c751e8b465ee728b)  -> (artifact id: 'ae0c3a106c211957118b249bde1c9f53') in 0.058105 seconds 
========================================================================
Received Prepare
Registering precompiled user dll's ...
Registered in 0.001451 seconds.
Begin MonoManager ReloadAssembly
Native extension for WindowsStandalone target not found
Refreshing native plugins compatible for Editor in 0.50 ms, found 1 plugins.
Preloading 0 native plugins for Editor in 0.00 ms.
Mono: successfully reloaded assembly
- Completed reload, in  1.008 seconds
Platform modules already initialized, skipping
Shader 'Universal Render Pipeline/Particles/Lit': fallback shader 'Universal Render Pipeline/Particles/SimpleLit' not found
Refreshing native plugins compatible for Editor in 0.55 ms, found 1 plugins.
Preloading 0 native plugins for Editor in 0.00 ms.
Unloading 2873 Unused Serialized files (Serialized files now loaded: 0)
System memory in use before: 126.0 MB.
System memory in use after: 126.2 MB.

Unloading 7 unused Assets to reduce memory usage. Loaded Objects now: 3452.
Total: 2.947000 ms (FindLiveObjects: 0.322900 ms CreateObjectMapping: 0.206100 ms MarkObjects: 2.394200 ms  DeleteObjects: 0.022600 ms)

========================================================================
Received Import Request.
  Time since last request: 186.469013 seconds.
  path: Assets/2D Renderer.asset
  artifactKey: Guid(e411095503594e64684e87b505c1cf65) Importer(815301076,1909f56bfc062723c751e8b465ee728b)
Start importing Assets/2D Renderer.asset using Guid(e411095503594e64684e87b505c1cf65) Importer(815301076,1909f56bfc062723c751e8b465ee728b)  -> (artifact id: 'dc8e2f1d5c9fce8223707e8eb0d54105') in 0.039989 seconds 
========================================================================
Received Import Request.
  Time since last request: 0.000521 seconds.
  path: Assets/UniversalRenderPipelineAsset_Renderer.asset
  artifactKey: Guid(ba53b1ef382eef245a52dd81e2717e5b) Importer(815301076,1909f56bfc062723c751e8b465ee728b)
Start importing Assets/UniversalRenderPipelineAsset_Renderer.asset using Guid(ba53b1ef382eef245a52dd81e2717e5b) Importer(815301076,1909f56bfc062723c751e8b465ee728b)  -> (artifact id: 'c72eae0cc924820bcbc3c133bf0b7d82') in 0.010664 seconds 
========================================================================
Received Import Request.
  Time since last request: 0.000300 seconds.
  path: Assets/UniversalRenderPipelineAsset.asset
  artifactKey: Guid(2fadddd3efa1d4244931e0d65b6e7fc0) Importer(815301076,1909f56bfc062723c751e8b465ee728b)
Start importing Assets/UniversalRenderPipelineAsset.asset using Guid(2fadddd3efa1d4244931e0d65b6e7fc0) Importer(815301076,1909f56bfc062723c751e8b465ee728b)  -> (artifact id: '5bbfd2680bfa64726aa22eebc3e1ddb2') in 0.018744 seconds 
========================================================================
Received Import Request.
  Time since last request: 0.000426 seconds.
  path: Assets/주인공.psb
  artifactKey: Guid(d077dd8960e2f334da4a8edb8f34cc05) Importer(815301076,1909f56bfc062723c751e8b465ee728b)
Start importing Assets/주인공.psb using Guid(d077dd8960e2f334da4a8edb8f34cc05) Importer(815301076,1909f56bfc062723c751e8b465ee728b)  -> (artifact id: '9cd0c15e4f72e7deba871d5aaef95a4c') in 0.438150 seconds 
========================================================================
Received Prepare
Registering precompiled user dll's ...
Registered in 0.001471 seconds.
Begin MonoManager ReloadAssembly
Native extension for WindowsStandalone target not found
Refreshing native plugins compatible for Editor in 0.48 ms, found 1 plugins.
Preloading 0 native plugins for Editor in 0.00 ms.
Mono: successfully reloaded assembly
- Completed reload, in  1.056 seconds
Platform modules already initialized, skipping
Shader 'Universal Render Pipeline/Particles/Lit': fallback shader 'Universal Render Pipeline/Particles/SimpleLit' not found
Refreshing native plugins compatible for Editor in 0.77 ms, found 1 plugins.
Preloading 0 native plugins for Editor in 0.00 ms.
Unloading 2876 Unused Serialized files (Serialized files now loaded: 0)
System memory in use before: 133.8 MB.
System memory in use after: 134.0 MB.

Unloading 9 unused Assets to reduce memory usage. Loaded Objects now: 3549.
Total: 3.071400 ms (FindLiveObjects: 0.385700 ms CreateObjectMapping: 0.168400 ms MarkObjects: 2.231500 ms  DeleteObjects: 0.284900 ms)

========================================================================
Received Prepare
Registering precompiled user dll's ...
Registered in 0.001426 seconds.
Begin MonoManager ReloadAssembly
Native extension for WindowsStandalone target not found
Refreshing native plugins compatible for Editor in 0.58 ms, found 1 plugins.
Preloading 0 native plugins for Editor in 0.00 ms.
Mono: successfully reloaded assembly
- Completed reload, in  1.018 seconds
Platform modules already initialized, skipping
Shader 'Universal Render Pipeline/Particles/Lit': fallback shader 'Universal Render Pipeline/Particles/SimpleLit' not found
Refreshing native plugins compatible for Editor in 0.52 ms, found 1 plugins.
Preloading 0 native plugins for Editor in 0.00 ms.
Unloading 2873 Unused Serialized files (Serialized files now loaded: 0)
System memory in use before: 133.7 MB.
System memory in use after: 133.9 MB.

Unloading 7 unused Assets to reduce memory usage. Loaded Objects now: 3553.
Total: 2.733200 ms (FindLiveObjects: 0.332500 ms CreateObjectMapping: 0.212800 ms MarkObjects: 2.169700 ms  DeleteObjects: 0.017500 ms)

========================================================================
Received Prepare
Shader 'Universal Render Pipeline/Particles/Lit': fallback shader 'Universal Render Pipeline/Particles/SimpleLit' not found
Refreshing native plugins compatible for Editor in 2.53 ms, found 1 plugins.
Preloading 0 native plugins for Editor in 0.00 ms.
Unloading 5 Unused Serialized files (Serialized files now loaded: 0)
System memory in use before: 76.7 MB.
System memory in use after: 77.0 MB.

Unloading 5 unused Assets to reduce memory usage. Loaded Objects now: 3553.
Total: 3.387800 ms (FindLiveObjects: 0.373500 ms CreateObjectMapping: 0.198100 ms MarkObjects: 2.793000 ms  DeleteObjects: 0.021900 ms)

========================================================================
Received Prepare
Registering precompiled user dll's ...
Registered in 0.001456 seconds.
Begin MonoManager ReloadAssembly
Native extension for WindowsStandalone target not found
Refreshing native plugins compatible for Editor in 0.69 ms, found 1 plugins.
Preloading 0 native plugins for Editor in 0.00 ms.
Mono: successfully reloaded assembly
- Completed reload, in  1.241 seconds
Platform modules already initialized, skipping
Shader 'Universal Render Pipeline/Particles/Lit': fallback shader 'Universal Render Pipeline/Particles/SimpleLit' not found
Refreshing native plugins compatible for Editor in 0.50 ms, found 1 plugins.
Preloading 0 native plugins for Editor in 0.00 ms.
Unloading 2873 Unused Serialized files (Serialized files now loaded: 0)
System memory in use before: 133.6 MB.
System memory in use after: 133.9 MB.

Unloading 7 unused Assets to reduce memory usage. Loaded Objects now: 3557.
Total: 4.018100 ms (FindLiveObjects: 0.446100 ms CreateObjectMapping: 0.197000 ms MarkObjects: 3.336000 ms  DeleteObjects: 0.038100 ms)

========================================================================
Received Import Request.
  Time since last request: 497.611933 seconds.
  path: Assets/Animations/주인공.controller
  artifactKey: Guid(88b50cbe961a5154c9587003787afaa7) Importer(815301076,1909f56bfc062723c751e8b465ee728b)
Start importing Assets/Animations/주인공.controller using Guid(88b50cbe961a5154c9587003787afaa7) Importer(815301076,1909f56bfc062723c751e8b465ee728b)  -> (artifact id: '0461644bb058b6eaf7b38a6b36bd6ed7') in 0.045780 seconds 
========================================================================
Received Prepare
Registering precompiled user dll's ...
Registered in 0.001714 seconds.
Begin MonoManager ReloadAssembly
Native extension for WindowsStandalone target not found
Refreshing native plugins compatible for Editor in 0.82 ms, found 1 plugins.
Preloading 0 native plugins for Editor in 0.00 ms.
Mono: successfully reloaded assembly
- Completed reload, in  1.312 seconds
Platform modules already initialized, skipping
Shader 'Universal Render Pipeline/Particles/Lit': fallback shader 'Universal Render Pipeline/Particles/SimpleLit' not found
Refreshing native plugins compatible for Editor in 1.04 ms, found 1 plugins.
Preloading 0 native plugins for Editor in 0.00 ms.
Unloading 2873 Unused Serialized files (Serialized files now loaded: 0)
System memory in use before: 133.6 MB.
System memory in use after: 133.9 MB.

Unloading 7 unused Assets to reduce memory usage. Loaded Objects now: 3561.
Total: 5.526700 ms (FindLiveObjects: 0.607200 ms CreateObjectMapping: 0.526700 ms MarkObjects: 4.348300 ms  DeleteObjects: 0.042500 ms)

========================================================================
Received Prepare
Registering precompiled user dll's ...
Registered in 0.001664 seconds.
Begin MonoManager ReloadAssembly
Native extension for WindowsStandalone target not found
Refreshing native plugins compatible for Editor in 0.53 ms, found 1 plugins.
Preloading 0 native plugins for Editor in 0.00 ms.
Mono: successfully reloaded assembly
- Completed reload, in  1.176 seconds
Platform modules already initialized, skipping
Shader 'Universal Render Pipeline/Particles/Lit': fallback shader 'Universal Render Pipeline/Particles/SimpleLit' not found
Refreshing native plugins compatible for Editor in 0.77 ms, found 1 plugins.
Preloading 0 native plugins for Editor in 0.00 ms.
Unloading 2873 Unused Serialized files (Serialized files now loaded: 0)
System memory in use before: 133.7 MB.
System memory in use after: 133.9 MB.

Unloading 7 unused Assets to reduce memory usage. Loaded Objects now: 3565.
Total: 2.750000 ms (FindLiveObjects: 0.320200 ms CreateObjectMapping: 0.134500 ms MarkObjects: 2.230000 ms  DeleteObjects: 0.064500 ms)

========================================================================
Received Prepare
Shader 'Universal Render Pipeline/Particles/Lit': fallback shader 'Universal Render Pipeline/Particles/SimpleLit' not found
Refreshing native plugins compatible for Editor in 2.06 ms, found 1 plugins.
Preloading 0 native plugins for Editor in 0.00 ms.
Unloading 5 Unused Serialized files (Serialized files now loaded: 0)
System memory in use before: 76.8 MB.
System memory in use after: 77.0 MB.

Unloading 5 unused Assets to reduce memory usage. Loaded Objects now: 3565.
Total: 5.607300 ms (FindLiveObjects: 0.629600 ms CreateObjectMapping: 0.483600 ms MarkObjects: 4.471100 ms  DeleteObjects: 0.021800 ms)

========================================================================
Received Prepare
Registering precompiled user dll's ...
Registered in 0.001907 seconds.
Begin MonoManager ReloadAssembly
Native extension for WindowsStandalone target not found
Refreshing native plugins compatible for Editor in 0.52 ms, found 1 plugins.
Preloading 0 native plugins for Editor in 0.00 ms.
Mono: successfully reloaded assembly
- Completed reload, in  1.566 seconds
Platform modules already initialized, skipping
Shader 'Universal Render Pipeline/Particles/Lit': fallback shader 'Universal Render Pipeline/Particles/SimpleLit' not found
Refreshing native plugins compatible for Editor in 1.00 ms, found 1 plugins.
Preloading 0 native plugins for Editor in 0.00 ms.
Unloading 2873 Unused Serialized files (Serialized files now loaded: 0)
System memory in use before: 133.7 MB.
System memory in use after: 133.9 MB.

Unloading 7 unused Assets to reduce memory usage. Loaded Objects now: 3569.
Total: 3.035100 ms (FindLiveObjects: 0.309500 ms CreateObjectMapping: 0.136700 ms MarkObjects: 2.543000 ms  DeleteObjects: 0.044800 ms)

========================================================================
Received Prepare
Shader 'Universal Render Pipeline/Particles/Lit': fallback shader 'Universal Render Pipeline/Particles/SimpleLit' not found
Refreshing native plugins compatible for Editor in 2.15 ms, found 1 plugins.
Preloading 0 native plugins for Editor in 0.00 ms.
Unloading 5 Unused Serialized files (Serialized files now loaded: 0)
System memory in use before: 76.8 MB.
System memory in use after: 77.0 MB.

Unloading 5 unused Assets to reduce memory usage. Loaded Objects now: 3569.
Total: 3.611900 ms (FindLiveObjects: 0.513300 ms CreateObjectMapping: 0.424500 ms MarkObjects: 2.647100 ms  DeleteObjects: 0.026000 ms)

========================================================================
Received Prepare
Registering precompiled user dll's ...
Registered in 0.001569 seconds.
Begin MonoManager ReloadAssembly
Native extension for WindowsStandalone target not found
Refreshing native plugins compatible for Editor in 0.88 ms, found 1 plugins.
Preloading 0 native plugins for Editor in 0.00 ms.
Mono: successfully reloaded assembly
- Completed reload, in  1.800 seconds
Platform modules already initialized, skipping
Shader 'Universal Render Pipeline/Particles/Lit': fallback shader 'Universal Render Pipeline/Particles/SimpleLit' not found
Refreshing native plugins compatible for Editor in 0.68 ms, found 1 plugins.
Preloading 0 native plugins for Editor in 0.00 ms.
Unloading 2873 Unused Serialized files (Serialized files now loaded: 0)
System memory in use before: 133.7 MB.
System memory in use after: 133.9 MB.

Unloading 7 unused Assets to reduce memory usage. Loaded Objects now: 3573.
Total: 3.125600 ms (FindLiveObjects: 0.321300 ms CreateObjectMapping: 0.133900 ms MarkObjects: 2.624000 ms  DeleteObjects: 0.045600 ms)

========================================================================
Received Prepare
Shader 'Universal Render Pipeline/Particles/Lit': fallback shader 'Universal Render Pipeline/Particles/SimpleLit' not found
Refreshing native plugins compatible for Editor in 2.40 ms, found 1 plugins.
Preloading 0 native plugins for Editor in 0.00 ms.
Unloading 5 Unused Serialized files (Serialized files now loaded: 0)
System memory in use before: 76.8 MB.
System memory in use after: 77.1 MB.

Unloading 5 unused Assets to reduce memory usage. Loaded Objects now: 3573.
Total: 3.749900 ms (FindLiveObjects: 0.527600 ms CreateObjectMapping: 0.427500 ms MarkObjects: 2.754000 ms  DeleteObjects: 0.018700 ms)

========================================================================
Received Import Request.
  Time since last request: 150.457083 seconds.
  path: Assets/Animations/주인공.controller
  artifactKey: Guid(88b50cbe961a5154c9587003787afaa7) Importer(815301076,1909f56bfc062723c751e8b465ee728b)
Start importing Assets/Animations/주인공.controller using Guid(88b50cbe961a5154c9587003787afaa7) Importer(815301076,1909f56bfc062723c751e8b465ee728b)  -> (artifact id: '1b1164c06c3d963315b9ee9ef36e7d73') in 0.060715 seconds 
========================================================================
Received Prepare
Registering precompiled user dll's ...
Registered in 0.001605 seconds.
Begin MonoManager ReloadAssembly
Native extension for WindowsStandalone target not found
Refreshing native plugins compatible for Editor in 0.52 ms, found 1 plugins.
Preloading 0 native plugins for Editor in 0.00 ms.
Mono: successfully reloaded assembly
- Completed reload, in  1.179 seconds
Platform modules already initialized, skipping
Shader 'Universal Render Pipeline/Particles/Lit': fallback shader 'Universal Render Pipeline/Particles/SimpleLit' not found
Refreshing native plugins compatible for Editor in 0.51 ms, found 1 plugins.
Preloading 0 native plugins for Editor in 0.00 ms.
Unloading 2873 Unused Serialized files (Serialized files now loaded: 0)
System memory in use before: 133.7 MB.
System memory in use after: 133.9 MB.

Unloading 7 unused Assets to reduce memory usage. Loaded Objects now: 3577.
Total: 2.803800 ms (FindLiveObjects: 0.316000 ms CreateObjectMapping: 0.143300 ms MarkObjects: 2.285000 ms  DeleteObjects: 0.058200 ms)

========================================================================
Received Prepare
Shader 'Universal Render Pipeline/Particles/Lit': fallback shader 'Universal Render Pipeline/Particles/SimpleLit' not found
Refreshing native plugins compatible for Editor in 2.48 ms, found 1 plugins.
Preloading 0 native plugins for Editor in 0.00 ms.
Unloading 5 Unused Serialized files (Serialized files now loaded: 0)
System memory in use before: 76.8 MB.
System memory in use after: 77.1 MB.

Unloading 5 unused Assets to reduce memory usage. Loaded Objects now: 3577.
Total: 4.933200 ms (FindLiveObjects: 0.459900 ms CreateObjectMapping: 0.217100 ms MarkObjects: 4.236200 ms  DeleteObjects: 0.019100 ms)

========================================================================
Received Prepare
Registering precompiled user dll's ...
Registered in 0.001692 seconds.
Begin MonoManager ReloadAssembly
Native extension for WindowsStandalone target not found
Refreshing native plugins compatible for Editor in 0.49 ms, found 1 plugins.
Preloading 0 native plugins for Editor in 0.00 ms.
Mono: successfully reloaded assembly
- Completed reload, in  1.136 seconds
Platform modules already initialized, skipping
Shader 'Universal Render Pipeline/Particles/Lit': fallback shader 'Universal Render Pipeline/Particles/SimpleLit' not found
Refreshing native plugins compatible for Editor in 0.61 ms, found 1 plugins.
Preloading 0 native plugins for Editor in 0.00 ms.
Unloading 2873 Unused Serialized files (Serialized files now loaded: 0)
System memory in use before: 133.7 MB.
System memory in use after: 133.9 MB.

Unloading 7 unused Assets to reduce memory usage. Loaded Objects now: 3581.
Total: 2.865400 ms (FindLiveObjects: 0.314100 ms CreateObjectMapping: 0.126200 ms MarkObjects: 2.355800 ms  DeleteObjects: 0.068500 ms)

========================================================================
Received Prepare
Shader 'Universal Render Pipeline/Particles/Lit': fallback shader 'Universal Render Pipeline/Particles/SimpleLit' not found
Refreshing native plugins compatible for Editor in 2.59 ms, found 1 plugins.
Preloading 0 native plugins for Editor in 0.00 ms.
Unloading 5 Unused Serialized files (Serialized files now loaded: 0)
System memory in use before: 76.9 MB.
System memory in use after: 77.1 MB.

Unloading 5 unused Assets to reduce memory usage. Loaded Objects now: 3581.
Total: 4.605800 ms (FindLiveObjects: 0.547700 ms CreateObjectMapping: 0.388300 ms MarkObjects: 3.647600 ms  DeleteObjects: 0.020900 ms)

========================================================================
Received Prepare
Registering precompiled user dll's ...
Registered in 0.001899 seconds.
Begin MonoManager ReloadAssembly
Native extension for WindowsStandalone target not found
Refreshing native plugins compatible for Editor in 0.60 ms, found 1 plugins.
Preloading 0 native plugins for Editor in 0.00 ms.
Mono: successfully reloaded assembly
- Completed reload, in  1.200 seconds
Platform modules already initialized, skipping
Shader 'Universal Render Pipeline/Particles/Lit': fallback shader 'Universal Render Pipeline/Particles/SimpleLit' not found
Refreshing native plugins compatible for Editor in 0.50 ms, found 1 plugins.
Preloading 0 native plugins for Editor in 0.00 ms.
Unloading 2873 Unused Serialized files (Serialized files now loaded: 0)
System memory in use before: 133.7 MB.
System memory in use after: 134.0 MB.

Unloading 7 unused Assets to reduce memory usage. Loaded Objects now: 3585.
Total: 2.864600 ms (FindLiveObjects: 0.364600 ms CreateObjectMapping: 0.163300 ms MarkObjects: 2.275400 ms  DeleteObjects: 0.060400 ms)

========================================================================
Received Prepare
Shader 'Universal Render Pipeline/Particles/Lit': fallback shader 'Universal Render Pipeline/Particles/SimpleLit' not found
Refreshing native plugins compatible for Editor in 3.36 ms, found 1 plugins.
Preloading 0 native plugins for Editor in 0.00 ms.
Unloading 5 Unused Serialized files (Serialized files now loaded: 0)
System memory in use before: 76.9 MB.
System memory in use after: 77.1 MB.

Unloading 5 unused Assets to reduce memory usage. Loaded Objects now: 3585.
Total: 4.332700 ms (FindLiveObjects: 0.587100 ms CreateObjectMapping: 0.503300 ms MarkObjects: 3.216700 ms  DeleteObjects: 0.024600 ms)

========================================================================
Received Prepare
Registering precompiled user dll's ...
Registered in 0.001918 seconds.
Begin MonoManager ReloadAssembly
Native extension for WindowsStandalone target not found
Refreshing native plugins compatible for Editor in 0.59 ms, found 1 plugins.
Preloading 0 native plugins for Editor in 0.00 ms.
Mono: successfully reloaded assembly
- Completed reload, in  1.236 seconds
Platform modules already initialized, skipping
Shader 'Universal Render Pipeline/Particles/Lit': fallback shader 'Universal Render Pipeline/Particles/SimpleLit' not found
Refreshing native plugins compatible for Editor in 0.86 ms, found 1 plugins.
Preloading 0 native plugins for Editor in 0.00 ms.
Unloading 2873 Unused Serialized files (Serialized files now loaded: 0)
System memory in use before: 133.7 MB.
System memory in use after: 134.0 MB.

Unloading 7 unused Assets to reduce memory usage. Loaded Objects now: 3589.
Total: 3.718400 ms (FindLiveObjects: 0.499300 ms CreateObjectMapping: 0.189600 ms MarkObjects: 2.981100 ms  DeleteObjects: 0.047500 ms)

AssetImportWorkerClient::OnTransportError - code=2 error=End of file
